
> ai-mahila@0.0.0 dev
> vite --host 0.0.0.0


  VITE v5.4.11  ready in 153 ms

  ➜  Local:   http://localhost:3000/
  ➜  Network: http://192.168.20.14:3000/
Files in the public directory are served at the root path.
Instead of /public/bg_1.png, use /bg_1.png.
Files in the public directory are served at the root path.
Instead of /public/bg 4.jpg, use /bg 4.jpg.
Files in the public directory are served at the root path.
Instead of /public/bg_1.png, use /bg_1.png.
Files in the public directory are served at the root path.
Instead of /public/bg 4.jpg, use /bg 4.jpg.
Files in the public directory are served at the root path.
Instead of /public/bg_1.png, use /bg_1.png.
Files in the public directory are served at the root path.
Instead of /public/bg 4.jpg, use /bg 4.jpg.
Files in the public directory are served at the root path.
Instead of /public/bg_1.png, use /bg_1.png.
Files in the public directory are served at the root path.
Instead of /public/bg 4.jpg, use /bg 4.jpg.
Files in the public directory are served at the root path.
Instead of /public/bg_1.png, use /bg_1.png.
Files in the public directory are served at the root path.
Instead of /public/bg 4.jpg, use /bg 4.jpg.
Files in the public directory are served at the root path.
Instead of /public/bg_1.png, use /bg_1.png.
Files in the public directory are served at the root path.
Instead of /public/bg 4.jpg, use /bg 4.jpg.
Files in the public directory are served at the root path.
Instead of /public/bg_1.png, use /bg_1.png.
Files in the public directory are served at the root path.
Instead of /public/bg 4.jpg, use /bg 4.jpg.
Files in the public directory are served at the root path.
Instead of /public/bg_1.png, use /bg_1.png.
Files in the public directory are served at the root path.
Instead of /public/bg 4.jpg, use /bg 4.jpg.
Files in the public directory are served at the root path.
Instead of /public/bg_1.png, use /bg_1.png.
Files in the public directory are served at the root path.
Instead of /public/bg 4.jpg, use /bg 4.jpg.
Files in the public directory are served at the root path.
Instead of /public/bg_1.png, use /bg_1.png.
Files in the public directory are served at the root path.
Instead of /public/bg 4.jpg, use /bg 4.jpg.
Files in the public directory are served at the root path.
Instead of /public/bg_1.png, use /bg_1.png.
Files in the public directory are served at the root path.
Instead of /public/bg 4.jpg, use /bg 4.jpg.
Files in the public directory are served at the root path.
Instead of /public/bg_1.png, use /bg_1.png.
Files in the public directory are served at the root path.
Instead of /public/bg 4.jpg, use /bg 4.jpg.
Files in the public directory are served at the root path.
Instead of /public/bg_1.png, use /bg_1.png.
Files in the public directory are served at the root path.
Instead of /public/bg 4.jpg, use /bg 4.jpg.
Files in the public directory are served at the root path.
Instead of /public/bg_1.png, use /bg_1.png.
Files in the public directory are served at the root path.
Instead of /public/bg 4.jpg, use /bg 4.jpg.
Files in the public directory are served at the root path.
Instead of /public/bg_1.png, use /bg_1.png.
Files in the public directory are served at the root path.
Instead of /public/bg 4.jpg, use /bg 4.jpg.
Files in the public directory are served at the root path.
Instead of /public/bg_1.png, use /bg_1.png.
Files in the public directory are served at the root path.
Instead of /public/bg 4.jpg, use /bg 4.jpg.
Files in the public directory are served at the root path.
Instead of /public/bg_1.png, use /bg_1.png.
Files in the public directory are served at the root path.
Instead of /public/bg 4.jpg, use /bg 4.jpg.
Files in the public directory are served at the root path.
Instead of /public/bg_1.png, use /bg_1.png.
Files in the public directory are served at the root path.
Instead of /public/bg 4.jpg, use /bg 4.jpg.
Files in the public directory are served at the root path.
Instead of /public/bg_1.png, use /bg_1.png.
Files in the public directory are served at the root path.
Instead of /public/bg_1.png, use /bg_1.png.
Files in the public directory are served at the root path.
Instead of /public/bg 4.jpg, use /bg 4.jpg.
Files in the public directory are served at the root path.
Instead of /public/bg_1.png, use /bg_1.png.
Files in the public directory are served at the root path.
Instead of /public/bg 4.jpg, use /bg 4.jpg.
Files in the public directory are served at the root path.
Instead of /public/bg_1.png, use /bg_1.png.
Files in the public directory are served at the root path.
Instead of /public/bg_1.png, use /bg_1.png.
